<?xml version="1.0" encoding="UTF-8"?>
<!-- Generated by org.testng.reporters.JUnitXMLReporter -->
<testsuite ignored="0" hostname="Nivedithas-MBP" failures="0" tests="13" name="RestAssuredFramework" time="10.971" errors="0" timestamp="2022-03-16T15:43:36 IST">
  <testcase classname="FinalFrameworkTest" name="checkingStatusCode" time="1.368"/>
  <testcase classname="FinalFrameworkTest" name="FetchingData" time="2.123"/>
  <testcase classname="FinalFrameworkTest" name="AssertionHamcrestValidation_1" time="0.724"/>
  <testcase classname="FinalFrameworkTest" name="AssertionHamcrestValidation_2" time="0.3"/>
  <testcase classname="FinalFrameworkTest" name="addUserByDataPOJO" time="0.728"/>
  <testcase classname="FinalFrameworkTest" name="addPagesBYPagesPOJO" time="0.612"/>
  <testcase classname="FinalFrameworkTest" name="getParticularUsersById" time="0.627"/>
  <testcase classname="FinalFrameworkTest" name="updateUserByDataPOJO" time="0.609"/>
  <testcase classname="FinalFrameworkTest" name="updateUserByPagesPOJO" time="1.01"/>
  <testcase classname="FinalFrameworkTest" name="RegisterSuccessful" time="1.023"/>
  <testcase classname="FinalFrameworkTest" name="RegisterUnSuccessful" time="0.511"/>
  <testcase classname="FinalFrameworkTest" name="LoginSuccessful" time="0.611"/>
  <testcase classname="FinalFrameworkTest" name="LoginUnSuccessful" time="0.641"/>
</testsuite> <!-- RestAssuredFramework -->
